
=== 新的转录会话开始 2025-07-04 21:12:45 ===
[2025-07-04 21:12:45] 调试模式已开启，日志将保存到: D:\PythonProject\whisper_gui\20250704_log.log

=== 新的转录会话开始 2025-07-04 21:12:45 ===
[2025-07-04 21:12:45] 调试模式已开启，日志将保存到: D:\PythonProject\whisper_gui\20250704_log.log
[2025-07-04 21:12:45] 🔍 开始转录任务，文件路径: C:/Users/wei/Desktop/头条1的文章玩法.mp4
[2025-07-04 21:12:45] 🎯 使用模型: small.pt
[2025-07-04 21:12:46] 📋 系统信息检查开始
[2025-07-04 21:12:46] ✅ 文件存在检查通过
[2025-07-04 21:12:46] ✅ 模型文件存在检查通过
[2025-07-04 21:12:46] 📁 文件类型: .mp4, 是视频: True, 是音频: False
[2025-07-04 21:12:46] ✅ 文件格式验证通过
[2025-07-04 21:12:46] 📊 使用 MoviePy 获取音频时长...
[2025-07-04 21:12:46] 📊 视频时长: 410.88秒
[2025-07-04 21:12:46] 🎬 识别到视频文件，使用 ffmpeg 提取音频...
[2025-07-04 21:12:47] 📁 临时音频文件路径: C:\Users\wei\AppData\Local\Temp\whisper_temp_6a83fcc8.wav
[2025-07-04 21:12:47] 🔧 执行 ffmpeg 命令: D:\PythonProject\whisper_gui\ffmpeg.exe -i C:/Users/wei/Desktop/头条1的文章玩法.mp4 -vn -acodec pcm_s16le -ar 16000 -ac 1 -y C:\Users\wei\AppData\Local\Temp\whisper_temp_6a83fcc8.wav
[2025-07-04 21:12:47] ✅ ffmpeg 音频提取完成
[2025-07-04 21:12:47] ✅ 音频文件检查通过，大小: 13147402 字节
[2025-07-04 21:12:48] 🧹 垃圾回收完成
[2025-07-04 21:12:48] 🤖 准备加载Whisper模型: D:\PythonProject\whisper_gui\model\small.pt
[2025-07-04 21:12:53] ✅ 模型加载成功
[2025-07-04 21:12:53] 📡 发送进度信号
[2025-07-04 21:12:53] ⏳ 正在转录，请耐心等待……
[2025-07-04 21:12:53] 🔄 开始转录处理...
[2025-07-04 21:12:53] 📊 音频时长: 410.88秒，每1%进度需要: 4.11秒
[2025-07-04 21:12:57] 🕐 2025年07月04日21:12:57  正在努力转换中，请稍候...
[2025-07-04 21:12:59] 🔄 音频时长模式，当前进度: 10%

=== 新的转录会话开始 2025-07-04 21:27:21 ===
[2025-07-04 21:27:21] 调试模式已开启，日志将保存到: D:\PythonProject\whisper_gui\20250704_log.log

=== 新的转录会话开始 2025-07-04 21:27:21 ===
[2025-07-04 21:27:21] 调试模式已开启，日志将保存到: D:\PythonProject\whisper_gui\20250704_log.log
[2025-07-04 21:27:21] 🔍 开始转录任务，文件路径: C:/Users/wei/Desktop/头条1的文章玩法.mp4
[2025-07-04 21:27:21] 🎯 使用模型: small.pt
[2025-07-04 21:27:21] 📋 系统信息检查开始
[2025-07-04 21:27:21] ✅ 文件存在检查通过
[2025-07-04 21:27:21] ✅ 模型文件存在检查通过
[2025-07-04 21:27:21] 📁 文件类型: .mp4, 是视频: True, 是音频: False
[2025-07-04 21:27:21] ✅ 文件格式验证通过
[2025-07-04 21:27:21] 📊 使用 MoviePy 获取音频时长...
[2025-07-04 21:27:21] 📊 视频时长: 410.88秒
[2025-07-04 21:27:21] 🎬 识别到视频文件，使用 ffmpeg 提取音频...
[2025-07-04 21:27:22] 📁 临时音频文件路径: C:\Users\wei\AppData\Local\Temp\whisper_temp_e136cd6b.wav
[2025-07-04 21:27:22] 🔧 执行 ffmpeg 命令: D:\PythonProject\whisper_gui\ffmpeg.exe -i C:/Users/wei/Desktop/头条1的文章玩法.mp4 -vn -acodec pcm_s16le -ar 16000 -ac 1 -y C:\Users\wei\AppData\Local\Temp\whisper_temp_e136cd6b.wav
[2025-07-04 21:27:23] ✅ ffmpeg 音频提取完成
[2025-07-04 21:27:23] ✅ 音频文件检查通过，大小: 13147402 字节
[2025-07-04 21:27:24] 🧹 垃圾回收完成
[2025-07-04 21:27:24] 🤖 准备加载Whisper模型: D:\PythonProject\whisper_gui\model\small.pt
[2025-07-04 21:27:28] ✅ 模型加载成功
[2025-07-04 21:27:28] 📡 发送进度信号
[2025-07-04 21:27:28] ⏳ 正在转录，请耐心等待……
[2025-07-04 21:27:28] 🔄 开始转录处理...
[2025-07-04 21:27:28] 📊 音频时长: 410.88秒，每1%进度需要: 4.11秒
