
=== 新的转录会话开始 2025-07-08 22:35:00 ===
[2025-07-08 22:35:00] 调试模式已开启，日志将保存到: D:\PythonProject\whisper_gui\20250708_log.log

=== 新的转录会话开始 2025-07-08 22:35:00 ===
[2025-07-08 22:35:00] 调试模式已开启，日志将保存到: D:\PythonProject\whisper_gui\20250708_log.log
[2025-07-08 22:35:00] 🔍 开始转录任务，文件路径: C:/Users/wei/Desktop/头条1的文章玩法.mp4
[2025-07-08 22:35:00] 🎯 使用模型: base.en.pt
[2025-07-08 22:35:00] 📋 系统信息检查开始
[2025-07-08 22:35:01] ✅ 文件存在检查通过
[2025-07-08 22:35:01] ✅ 模型文件存在检查通过
[2025-07-08 22:35:01] 📁 文件类型: .mp4, 是视频: True, 是音频: False
[2025-07-08 22:35:01] ✅ 文件格式验证通过
[2025-07-08 22:35:01] 📊 使用 MoviePy 获取音频时长...
[2025-07-08 22:35:01] 📊 视频时长: 410.88秒
[2025-07-08 22:35:01] 🎬 识别到视频文件，使用 ffmpeg 提取音频...
[2025-07-08 22:35:02] 📁 临时音频文件路径: C:\Users\wei\AppData\Local\Temp\whisper_temp_48451a0a.wav
[2025-07-08 22:35:02] 🔧 执行 ffmpeg 命令: D:\PythonProject\whisper_gui\ffmpeg.exe -i C:/Users/wei/Desktop/头条1的文章玩法.mp4 -vn -acodec pcm_s16le -ar 16000 -ac 1 -y C:\Users\wei\AppData\Local\Temp\whisper_temp_48451a0a.wav
[2025-07-08 22:35:02] ✅ ffmpeg 音频提取完成
[2025-07-08 22:35:02] ✅ 音频文件检查通过，大小: 13147402 字节
[2025-07-08 22:35:03] 🧹 垃圾回收完成
[2025-07-08 22:35:03] 🤖 准备加载Whisper模型: D:\PythonProject\whisper_gui\model\base.en.pt
[2025-07-08 22:35:06] ✅ 模型加载成功
[2025-07-08 22:35:06] 📡 发送进度信号
[2025-07-08 22:35:06] ⏳ 正在转录，请耐心等待……
[2025-07-08 22:35:06] 🔄 开始转录处理...
[2025-07-08 22:35:06] 📊 音频时长: 410.88秒，每1%进度需要: 4.11秒
[2025-07-08 22:35:08] UI设置已保存: 输出类型=srt, 调试=True, 简体=True

=== 新的转录会话开始 2025-07-08 22:45:02 ===
[2025-07-08 22:45:02] 调试模式已开启，日志将保存到: D:\PythonProject\whisper_gui\20250708_log.log

=== 新的转录会话开始 2025-07-08 22:45:02 ===
[2025-07-08 22:45:02] 调试模式已开启，日志将保存到: D:\PythonProject\whisper_gui\20250708_log.log
[2025-07-08 22:45:02] 🔍 开始转录任务，文件路径: C:/Users/wei/Desktop/头条1的文章玩法.mp4
[2025-07-08 22:45:02] 🎯 使用模型: base.en.pt
[2025-07-08 22:45:03] 📋 系统信息检查开始
[2025-07-08 22:45:03] ✅ 文件存在检查通过
[2025-07-08 22:45:03] ✅ 模型文件存在检查通过
[2025-07-08 22:45:03] 📁 文件类型: .mp4, 是视频: True, 是音频: False
[2025-07-08 22:45:03] ✅ 文件格式验证通过
[2025-07-08 22:45:03] 📊 使用 MoviePy 获取音频时长...
[2025-07-08 22:45:03] 📊 视频时长: 410.88秒
[2025-07-08 22:45:03] 🎬 识别到视频文件，使用 ffmpeg 提取音频...
[2025-07-08 22:45:04] 📁 临时音频文件路径: C:\Users\wei\AppData\Local\Temp\whisper_temp_63d33eac.wav
[2025-07-08 22:45:04] 🔧 执行 ffmpeg 命令: D:\PythonProject\whisper_gui\ffmpeg.exe -i C:/Users/wei/Desktop/头条1的文章玩法.mp4 -vn -acodec pcm_s16le -ar 16000 -ac 1 -y C:\Users\wei\AppData\Local\Temp\whisper_temp_63d33eac.wav
[2025-07-08 22:45:04] ✅ ffmpeg 音频提取完成
[2025-07-08 22:45:04] ✅ 音频文件检查通过，大小: 13147402 字节
[2025-07-08 22:45:05] 🧹 垃圾回收完成
[2025-07-08 22:45:05] 🤖 准备加载Whisper模型: D:\PythonProject\whisper_gui\model\base.en.pt
[2025-07-08 22:45:08] ✅ 模型加载成功
[2025-07-08 22:45:08] 📡 发送进度信号
[2025-07-08 22:45:08] ⏳ 正在转录，请耐心等待……
[2025-07-08 22:45:08] 🔄 开始转录处理...
[2025-07-08 22:45:08] 📊 音频时长: 410.88秒，每1%进度需要: 4.11秒
[2025-07-08 22:45:12] 🕐 2025年07月08日22:45:12  正在努力转换中，请稍候...
[2025-07-08 22:45:14] 🔄 音频时长模式，当前进度: 10%
[2025-07-08 22:45:16] 🕐 2025年07月08日22:45:16  正在努力转换中，请稍候...
[2025-07-08 22:45:20] 🕐 2025年07月08日22:45:20  正在努力转换中，请稍候...
[2025-07-08 22:45:24] 🕐 2025年07月08日22:45:24  正在努力转换中，请稍候...
[2025-07-08 22:45:28] 🕐 2025年07月08日22:45:28  正在努力转换中，请稍候...
[2025-07-08 22:45:33] 🕐 2025年07月08日22:45:33  正在努力转换中，请稍候...
[2025-07-08 22:45:36] 🕐 2025年07月08日22:45:36  正在努力转换中，请稍候...
[2025-07-08 22:45:40] 🕐 2025年07月08日22:45:40  正在努力转换中，请稍候...
[2025-07-08 22:45:44] 🕐 2025年07月08日22:45:44  正在努力转换中，请稍候...
[2025-07-08 22:45:46] ✅ 转录完成
[2025-07-08 22:45:46] 💾 正在保存转录结果...
[2025-07-08 22:45:46] ✅ [90%] 开始保存 SRT 文件...
[2025-07-08 22:45:46] 🎉 已保存SRT文件: C:/Users/wei/Desktop/头条1的文章玩法.srt
[2025-07-08 22:45:46] 🎉 转录任务完成
[2025-07-08 22:45:46] 🧹 已删除临时音频文件: C:\Users\wei\AppData\Local\Temp\whisper_temp_63d33eac.wav

=== 新的转录会话开始 2025-07-08 23:11:49 ===
[2025-07-08 23:11:49] 调试模式已开启，日志将保存到: D:\PythonProject\whisper_gui\20250708_log.log

=== 新的转录会话开始 2025-07-08 23:11:49 ===
[2025-07-08 23:11:49] 调试模式已开启，日志将保存到: D:\PythonProject\whisper_gui\20250708_log.log
[2025-07-08 23:11:49] 🔍 开始转录任务，文件路径: C:/Users/wei/Desktop/头条1的文章玩法.mp4
[2025-07-08 23:11:49] 🎯 使用模型: base.en.pt
[2025-07-08 23:11:49] 📋 系统信息检查开始
[2025-07-08 23:11:49] ✅ 文件存在检查通过
[2025-07-08 23:11:49] ✅ 模型文件存在检查通过
[2025-07-08 23:11:49] 📁 文件类型: .mp4, 是视频: True, 是音频: False
[2025-07-08 23:11:49] ✅ 文件格式验证通过
[2025-07-08 23:11:49] 📊 使用 MoviePy 获取音频时长...
[2025-07-08 23:11:49] 📊 视频时长: 410.88秒
[2025-07-08 23:11:50] 🎬 识别到视频文件，使用 ffmpeg 提取音频...
[2025-07-08 23:11:51] 📁 临时音频文件路径: C:\Users\wei\AppData\Local\Temp\whisper_temp_a4ee8a99.wav
[2025-07-08 23:11:51] 🔧 执行 ffmpeg 命令: D:\PythonProject\whisper_gui\ffmpeg.exe -i C:/Users/wei/Desktop/头条1的文章玩法.mp4 -vn -acodec pcm_s16le -ar 16000 -ac 1 -y C:\Users\wei\AppData\Local\Temp\whisper_temp_a4ee8a99.wav
[2025-07-08 23:11:51] ✅ ffmpeg 音频提取完成
[2025-07-08 23:11:51] ✅ 音频文件检查通过，大小: 13147402 字节
[2025-07-08 23:11:52] 🧹 垃圾回收完成
[2025-07-08 23:11:52] 🤖 准备加载Whisper模型: D:\PythonProject\whisper_gui\model\base.en.pt
[2025-07-08 23:11:54] ✅ 模型加载成功
[2025-07-08 23:11:54] 📡 发送进度信号
[2025-07-08 23:11:54] ⏳ 正在转录，请耐心等待……
[2025-07-08 23:11:54] 🔄 开始转录处理...
[2025-07-08 23:11:54] 📊 音频时长: 410.88秒，每1%进度需要: 4.11秒
[2025-07-08 23:11:59] 🕐 2025年07月08日23:11:59  正在努力转换中，请稍候...
[2025-07-08 23:12:01] 🔄 音频时长模式，当前进度: 10%
[2025-07-08 23:12:03] 🕐 2025年07月08日23:12:03  正在努力转换中，请稍候...
[2025-07-08 23:12:06] 🕐 2025年07月08日23:12:06  正在努力转换中，请稍候...
[2025-07-08 23:12:11] 🕐 2025年07月08日23:12:11  正在努力转换中，请稍候...
[2025-07-08 23:12:15] 🕐 2025年07月08日23:12:15  正在努力转换中，请稍候...
[2025-07-08 23:12:19] 🕐 2025年07月08日23:12:19  正在努力转换中，请稍候...
